<?xml version="1.0" encoding="UTF-8"?>
<!-- Generated by org.testng.reporters.JUnitXMLReporter -->
<testsuite hostname="Mds-MacBook-Pro.attlocal.net" ignored="0" name="MyMuscleChef Demo Automated Smoke Test" tests="5" failures="0" timestamp="02 Feb 2022 05:33:41 GMT" time="0.216" errors="0">
  <testcase name="@BeforeClass setUp" time="0.014" classname="com.mymusclechef.demo.testcases.TestCase_001_AddToCart_MinimunAmount_CartQuantity_CartPrice_Validation">
    <failure type="java.lang.NullPointerException">
      <![CDATA[java.lang.NullPointerException
	at com.mymusclechef.demo.base.TestBase.initialization(TestBase.java:43)
	at com.mymusclechef.demo.testcases.TestCase_001_AddToCart_MinimunAmount_CartQuantity_CartPrice_Validation.setUp(TestCase_001_AddToCart_MinimunAmount_CartQuantity_CartPrice_Validation.java:36)
... Removed 25 stack frames]]>
    </failure>
  </testcase> <!-- @BeforeClass setUp -->
  <testcase name="@AfterClass tearDown" time="0.0" classname="com.mymusclechef.demo.testcases.TestCase_001_AddToCart_MinimunAmount_CartQuantity_CartPrice_Validation">
    <skipped/>
  </testcase> <!-- @AfterClass tearDown -->
  <testcase name="@BeforeClass setUp" time="0.001" classname="com.mymusclechef.demo.testcases.TestCase_002_Validate_Filter_Protein_Type_Seafood_Should_Filter_Two_Meals">
    <failure type="java.lang.NullPointerException">
      <![CDATA[java.lang.NullPointerException
	at com.mymusclechef.demo.base.TestBase.initialization(TestBase.java:43)
	at com.mymusclechef.demo.testcases.TestCase_002_Validate_Filter_Protein_Type_Seafood_Should_Filter_Two_Meals.setUp(TestCase_002_Validate_Filter_Protein_Type_Seafood_Should_Filter_Two_Meals.java:35)
... Removed 25 stack frames]]>
    </failure>
  </testcase> <!-- @BeforeClass setUp -->
  <testcase name="@AfterClass tearDown" time="0.0" classname="com.mymusclechef.demo.testcases.TestCase_002_Validate_Filter_Protein_Type_Seafood_Should_Filter_Two_Meals">
    <skipped/>
  </testcase> <!-- @AfterClass tearDown -->
  <testcase name="@BeforeClass setUp" time="0.001" classname="com.mymusclechef.demo.testcases.TestCase_003_Validate_ProgressBar_Data_Is_Correct">
    <failure type="java.lang.NullPointerException">
      <![CDATA[java.lang.NullPointerException
	at com.mymusclechef.demo.base.TestBase.initialization(TestBase.java:43)
	at com.mymusclechef.demo.testcases.TestCase_003_Validate_ProgressBar_Data_Is_Correct.setUp(TestCase_003_Validate_ProgressBar_Data_Is_Correct.java:35)
... Removed 25 stack frames]]>
    </failure>
  </testcase> <!-- @BeforeClass setUp -->
  <testcase name="@AfterClass tearDown" time="0.0" classname="com.mymusclechef.demo.testcases.TestCase_003_Validate_ProgressBar_Data_Is_Correct">
    <skipped/>
  </testcase> <!-- @AfterClass tearDown -->
  <testcase name="user_cannot_Add_to_Cart_unless_he_adds_the_minimum_amount_of_99_dollars" time="0.0" classname="com.mymusclechef.demo.testcases.TestCase_001_AddToCart_MinimunAmount_CartQuantity_CartPrice_Validation">
    <skipped/>
  </testcase> <!-- user_cannot_Add_to_Cart_unless_he_adds_the_minimum_amount_of_99_dollars -->
  <testcase name="check_the_number_of_items_in_the_Add_to_Cart_button_is_correct" time="0.0" classname="com.mymusclechef.demo.testcases.TestCase_001_AddToCart_MinimunAmount_CartQuantity_CartPrice_Validation">
    <skipped/>
  </testcase> <!-- check_the_number_of_items_in_the_Add_to_Cart_button_is_correct -->
  <testcase name="check_if_the_price_is_correct_in_the_Add_to_Cart_button" time="0.0" classname="com.mymusclechef.demo.testcases.TestCase_001_AddToCart_MinimunAmount_CartQuantity_CartPrice_Validation">
    <skipped/>
  </testcase> <!-- check_if_the_price_is_correct_in_the_Add_to_Cart_button -->
  <testcase name="validate_protein_type_seafood_should_filter_two_meals" time="0.0" classname="com.mymusclechef.demo.testcases.TestCase_002_Validate_Filter_Protein_Type_Seafood_Should_Filter_Two_Meals">
    <skipped/>
  </testcase> <!-- validate_protein_type_seafood_should_filter_two_meals -->
  <testcase name="validate_protein_type_seafood_should_filter_two_meals" time="0.0" classname="com.mymusclechef.demo.testcases.TestCase_003_Validate_ProgressBar_Data_Is_Correct">
    <skipped/>
  </testcase> <!-- validate_protein_type_seafood_should_filter_two_meals -->
</testsuite> <!-- MyMuscleChef Demo Automated Smoke Test -->
