<?xml version="1.0" encoding="UTF-8"?>
<!-- Generated by org.testng.reporters.JUnitXMLReporter -->
<testsuite ignored="0" hostname="5CD120HMLC" failures="0" tests="5" name="Default test" time="87.417" errors="0" timestamp="29 Oct 2021 01:49:11 GMT">
  <testcase classname="com.mymusclechef.demo.testcases.TestCase_001_AddToCart_MinimunAmount_CartQuantity_CartPrice_Validation" name="user_cannot_Add_to_Cart_unless_he_adds_the_minimum_amount_of_99_dollars" time="21.864"/>
  <testcase classname="com.mymusclechef.demo.testcases.TestCase_001_AddToCart_MinimunAmount_CartQuantity_CartPrice_Validation" name="check_the_number_of_items_in_the_Add_to_Cart_button_is_correct" time="0.029"/>
  <testcase classname="com.mymusclechef.demo.testcases.TestCase_001_AddToCart_MinimunAmount_CartQuantity_CartPrice_Validation" name="check_if_the_price_is_correct_in_the_Add_to_Cart_button" time="0.009"/>
  <testcase classname="com.mymusclechef.demo.testcases.TestCase_002_Validate_Filter_Protein_Type_Seafood_Should_Filter_Two_Meals" name="validate_protein_type_seafood_should_filter_two_meals" time="6.858"/>
  <testcase classname="com.mymusclechef.demo.testcases.TestCase_003_Validate_ProgressBar_Data_Is_Correct" name="validate_protein_type_seafood_should_filter_two_meals" time="29.924"/>
</testsuite> <!-- Default test -->
