<?xml version="1.0" encoding="UTF-8"?>
<!-- Generated by org.testng.reporters.JUnitXMLReporter -->
<testsuite hostname="Mds-MacBook-Pro.attlocal.net" ignored="0" name="MyMuscleChef Demo Automated Smoke Test" tests="1" failures="0" timestamp="05 Feb 2022 03:32:05 GMT" time="11.224" errors="0">
  <testcase name="user_cannot_Add_to_Cart_unless_he_adds_the_minimum_amount_of_99_dollars" time="5.584" classname="com.conduit.demo.testcases.TestCase_002_Validate_Conduit_SignIn_Scenarios"/>
</testsuite> <!-- MyMuscleChef Demo Automated Smoke Test -->
